# This file contains the data of final feasible population (if found)
# of objectives = 2, # of constraints = 0, # of real_var = 1, # of bits of bin_var = 0, constr_violation, rank, crowding_distance
0.000000e+00	0.000000e+00	5.080977e-245	0.000000e+00	1	0.000000e+00
9 
2 
7 
6 
5 
-1 
10 
4 
8 
-2 
3 
0.000000e+00	0.000000e+00	0.000000e+00	0.000000e+00	1	1.000000e+14
9 
6 
10 
-1 
5 
2 
3 
4 
-2 
7 
8 
0.000000e+00	0.000000e+00	0.000000e+00	0.000000e+00	1	0.000000e+00
10 
7 
5 
2 
-1 
3 
6 
9 
-2 
4 
8 
0.000000e+00	0.000000e+00	0.000000e+00	0.000000e+00	1	0.000000e+00
8 
2 
6 
5 
-1 
9 
3 
7 
-2 
4 
10 
0.000000e+00	0.000000e+00	1.718347e-153	0.000000e+00	1	0.000000e+00
9 
6 
3 
10 
-1 
7 
8 
-2 
5 
4 
2 
0.000000e+00	0.000000e+00	0.000000e+00	0.000000e+00	1	0.000000e+00
5 
2 
4 
3 
6 
-1 
10 
9 
7 
-2 
8 
0.000000e+00	0.000000e+00	0.000000e+00	0.000000e+00	1	1.000000e+14
8 
7 
9 
-1 
2 
3 
6 
-2 
5 
10 
4 
0.000000e+00	0.000000e+00	0.000000e+00	0.000000e+00	1	0.000000e+00
6 
5 
9 
10 
-1 
2 
-2 
8 
3 
4 
7 
