36.450000 127737.000149
36.810000 128965.887611
38.140000 133580.290305
38.360000 134401.673731
38.360000 134401.673731
38.360000 134401.673731
38.360000 134401.673731
38.360000 134401.673731
38.360000 134401.673731
38.360000 134401.673731
38.360000 134401.673731
38.360000 134401.673731
38.360000 134401.673731
38.360000 134401.673731
38.380000 134458.589057
38.800000 135926.221276
38.930000 136369.814479
38.930000 136369.814479
38.930000 136369.814479
38.930000 136369.814479
38.930000 136369.814479
38.930000 136369.814479
38.930000 136369.814479
38.930000 136369.814479
38.930000 136369.814479
38.930000 136369.814479
38.930000 136369.814479
38.930000 136369.814479
