11.330000 39706.030230
11.680000 40925.963769
11.680000 40925.963769
11.680000 40925.963769
11.680000 40925.963769
11.680000 40925.963769
11.680000 40925.963769
11.680000 40925.963769
11.680000 40925.963769
11.680000 40925.963769
11.680000 40925.963769
11.680000 40925.963769
11.680000 40925.963769
11.680000 40925.963769
11.680000 40925.963769
11.680000 40925.963769
11.680000 40925.963769
11.680000 40925.963769
11.680000 40925.963769
11.680000 40925.963769
11.680000 40925.963769
12.140000 42525.852015
12.980000 45500.834861
12.980000 45500.834861
13.240000 46403.983916
13.240000 46403.983916
