11.680000 40925.963769
11.680000 40925.963769
11.680000 40925.963769
11.680000 40925.963769
11.680000 40925.963769
11.680000 40925.963769
11.680000 40925.963769
11.680000 40925.963769
11.680000 40925.963769
11.680000 40925.963769
11.680000 40925.963769
11.680000 40925.963769
11.680000 40925.963769
11.680000 40925.963769
11.680000 40925.963769
11.680000 40925.963769
11.680000 40925.963769
11.950000 41858.782824
12.980000 45500.834861
12.980000 45500.834861
13.090000 45850.421614
13.160000 46105.776563
13.240000 46403.983916
13.240000 46403.983916
13.240000 46403.983916
13.240000 46403.983916
13.240000 46403.983916
