36.810000 128965.887611
37.300000 130679.966494
38.360000 134401.673731
38.360000 134401.673731
38.360000 134401.673731
38.360000 134401.673731
38.360000 134401.673731
38.360000 134401.673731
38.360000 134401.673731
38.360000 134401.673731
38.360000 134401.673731
38.360000 134401.673731
38.360000 134401.673731
38.360000 134401.673731
38.360000 134401.673731
38.360000 134401.673731
38.360000 134401.673731
38.510000 134906.426614
38.700000 135606.087829
38.800000 135937.493353
38.930000 136369.814479
38.930000 136369.814479
38.930000 136369.814479
38.930000 136369.814479
38.930000 136369.814479
38.930000 136369.814479
38.930000 136369.814479
38.930000 136369.814479
38.930000 136369.814479
38.930000 136369.814479
38.930000 136369.814479
38.930000 136369.814479
38.930000 136369.814479
38.930000 136369.814479
38.930000 136369.814479
38.930000 136369.814479
38.930000 136369.814479
38.930000 136369.814479
