36.450000 127737.000149
36.670000 128488.598137
37.790000 132448.742500
37.790000 132448.742500
38.360000 134401.673731
38.360000 134401.673731
38.360000 134401.673731
38.360000 134401.673731
38.360000 134401.673731
38.360000 134401.673731
38.360000 134401.673731
38.360000 134401.673731
38.360000 134401.673731
38.360000 134401.673731
38.360000 134401.673731
38.360000 134401.673731
38.360000 134401.673731
38.360000 134401.673731
38.360000 134401.673731
38.360000 134401.673731
38.360000 134401.673731
38.480000 134853.146868
38.820000 135992.813154
38.930000 136369.814479
38.930000 136369.814479
38.930000 136369.814479
38.930000 136369.814479
38.930000 136369.814479
38.930000 136369.814479
38.930000 136369.814479
38.930000 136369.814479
38.930000 136369.814479
38.930000 136369.814479
38.930000 136369.814479
38.930000 136369.814479
38.930000 136369.814479
38.930000 136369.814479
38.930000 136369.814479
38.930000 136369.814479
