10.450000 36611.822096
10.620000 37211.645948
11.680000 40925.963769
11.680000 40925.963769
11.680000 40925.963769
11.680000 40925.963769
11.680000 40925.963769
11.680000 40925.963769
11.680000 40925.963769
11.680000 40925.963769
11.680000 40925.963769
11.680000 40925.963769
11.680000 40925.963769
11.680000 40925.963769
11.680000 40925.963769
11.680000 40925.963769
11.680000 40925.963769
11.680000 40925.963769
11.680000 40925.963769
12.990000 45533.414334
13.060000 45752.136611
13.110000 45960.259268
13.210000 46266.223022
13.240000 46403.931789
13.240000 46403.931789
13.240000 46403.983916
13.240000 46403.983916
13.240000 46403.983916
13.240000 46403.983916
