36.310000 127199.719071
36.930000 129364.359718
36.970000 129553.708354
37.050000 129811.575471
37.290000 130650.194199
37.360000 130886.309484
38.140000 133580.290305
38.360000 134398.598818
38.360000 134401.673731
38.360000 134401.673731
38.360000 134401.673731
38.360000 134401.673731
38.360000 134401.673731
38.360000 134401.673731
38.360000 134401.673731
38.360000 134401.673731
38.360000 134401.673731
38.360000 134401.673731
38.360000 134401.673731
38.360000 134401.673731
38.360000 134401.673731
38.360000 134401.673731
38.360000 134401.673731
38.360000 134401.673731
38.360000 134401.673731
38.360000 134401.673731
38.550000 135047.011656
38.700000 135583.153410
38.820000 135992.813154
38.870000 136171.537612
38.930000 136369.814479
38.930000 136369.814479
38.930000 136369.814479
38.930000 136369.814479
38.930000 136369.814479
38.930000 136369.814479
38.930000 136369.814479
38.930000 136369.814479
38.930000 136369.814479
38.930000 136369.814479
38.930000 136369.814479
38.930000 136369.814479
38.930000 136369.814479
