11.550000 40462.493726
11.680000 40925.963769
11.680000 40925.963769
11.680000 40925.963769
11.680000 40925.963769
11.680000 40925.963769
11.680000 40925.963769
11.680000 40925.963769
11.680000 40925.963769
11.680000 40925.963769
11.680000 40925.963769
11.680000 40925.963769
11.680000 40925.963769
11.680000 40925.963769
11.680000 40925.963769
11.680000 40925.963769
12.400000 43436.834314
12.850000 45026.835472
13.060000 45752.136611
13.240000 46403.983916
13.240000 46403.983916
13.240000 46403.983916
13.240000 46403.983916
13.240000 46403.983916
