176.090000 618482.031995
178.790000 628249.865642
180.800000 635187.541400
182.540000 641338.121179
182.540000 641338.121179
182.540000 641338.121179
182.540000 641338.121179
182.540000 641338.121179
182.540000 641338.121179
182.540000 641338.121179
182.540000 641338.121179
182.540000 641338.121179
182.540000 641338.121179
182.540000 641338.121179
182.540000 641338.121179
182.540000 641338.121179
182.540000 641338.121179
182.540000 641338.121179
182.540000 641338.121179
182.540000 641338.121179
184.960000 649507.840220
