11.680000 40925.963769
11.680000 40925.963769
11.680000 40925.963769
11.680000 40925.963769
11.680000 40925.963769
11.680000 40925.963769
11.680000 40925.963769
11.680000 40925.963769
11.680000 40925.963769
11.680000 40925.963769
11.680000 40925.963769
11.680000 40925.963769
12.890000 45156.845601
12.980000 45500.834861
13.090000 45858.630866
13.240000 46403.983916
13.240000 46403.983916
13.240000 46403.983916
13.240000 46403.983916
13.240000 46403.983916
13.240000 46403.983916
13.240000 46403.983916
13.240000 46403.983916
