36.290000 127139.670998
36.350000 127362.898883
36.450000 127737.000149
37.280000 130609.480086
37.810000 132486.908097
37.920000 132890.831662
37.990000 133088.141210
38.300000 134171.197314
38.360000 134401.673731
38.360000 134401.673731
38.360000 134401.673731
38.360000 134401.673731
38.360000 134401.673731
38.360000 134401.673731
38.360000 134401.673731
38.360000 134401.673731
38.360000 134401.673731
38.360000 134401.673731
38.360000 134401.673731
38.790000 135935.453750
38.930000 136369.814479
38.930000 136369.814479
38.930000 136369.814479
38.930000 136369.814479
38.930000 136369.814479
38.930000 136369.814479
38.930000 136369.814479
38.930000 136369.814479
